<?xml version="1.0" encoding="UTF-8"?>
<!-- Generated by org.testng.reporters.JUnitXMLReporter -->
<testsuite hostname="E7450" ignored="0" name="Default test" tests="13" failures="0" timestamp="26 Jun 2018 03:31:30 GMT" time="32.0" errors="0">
  <testcase name="step8" time="0.056" classname="com.mockaroo.MockarooDataValidation"/>
  <testcase name="step3" time="0.012" classname="com.mockaroo.MockarooDataValidation"/>
  <testcase name="step4" time="0.127" classname="com.mockaroo.MockarooDataValidation"/>
  <testcase name="step5_6" time="0.651" classname="com.mockaroo.MockarooDataValidation"/>
  <testcase name="step7" time="0.052" classname="com.mockaroo.MockarooDataValidation"/>
  <testcase name="step9" time="0.096" classname="com.mockaroo.MockarooDataValidation"/>
  <testcase name="step10" time="0.097" classname="com.mockaroo.MockarooDataValidation"/>
  <testcase name="step11" time="0.073" classname="com.mockaroo.MockarooDataValidation"/>
  <testcase name="step12_13" time="0.508" classname="com.mockaroo.MockarooDataValidation"/>
  <testcase name="step14_15_16" time="9.12" classname="com.mockaroo.MockarooDataValidation"/>
  <testcase name="step17_18" time="5.013" classname="com.mockaroo.MockarooDataValidation"/>
  <testcase name="step22" time="0.032" classname="com.mockaroo.MockarooDataValidation"/>
  <testcase name="step26_27" time="0.005" classname="com.mockaroo.MockarooDataValidation"/>
</testsuite> <!-- Default test -->
