<?xml version="1.0" encoding="UTF-8"?>
<testng-results skipped="0" failed="0" ignored="0" total="13" passed="13">
  <reporter-output>
  </reporter-output>
  <suite name="Default suite" duration-ms="23578" started-at="2018-06-26T11:27:05Z" finished-at="2018-06-26T11:27:28Z">
    <groups>
    </groups>
    <test name="Default test" duration-ms="23578" started-at="2018-06-26T11:27:05Z" finished-at="2018-06-26T11:27:28Z">
      <class name="com.mockaroo.MockarooDataValidation">
        <test-method status="PASS" signature="setup()[pri:0, instance:com.mockaroo.MockarooDataValidation@7cd62f43]" name="setup" is-config="true" duration-ms="7021" started-at="2018-06-26T11:27:05Z" finished-at="2018-06-26T11:27:12Z">
          <reporter-output>
          </reporter-output>
        </test-method> <!-- setup -->
        <test-method status="PASS" signature="step3()[pri:1, instance:com.mockaroo.MockarooDataValidation@7cd62f43]" name="step3" duration-ms="97" started-at="2018-06-26T11:27:12Z" finished-at="2018-06-26T11:27:12Z">
          <reporter-output>
          </reporter-output>
        </test-method> <!-- step3 -->
        <test-method status="PASS" signature="step4()[pri:2, instance:com.mockaroo.MockarooDataValidation@7cd62f43]" name="step4" duration-ms="275" started-at="2018-06-26T11:27:12Z" finished-at="2018-06-26T11:27:12Z">
          <reporter-output>
          </reporter-output>
        </test-method> <!-- step4 -->
        <test-method status="PASS" signature="step5_6()[pri:3, instance:com.mockaroo.MockarooDataValidation@7cd62f43]" name="step5_6" duration-ms="605" started-at="2018-06-26T11:27:12Z" finished-at="2018-06-26T11:27:13Z">
          <reporter-output>
          </reporter-output>
        </test-method> <!-- step5_6 -->
        <test-method status="PASS" signature="step7()[pri:4, instance:com.mockaroo.MockarooDataValidation@7cd62f43]" name="step7" duration-ms="48" started-at="2018-06-26T11:27:13Z" finished-at="2018-06-26T11:27:13Z">
          <reporter-output>
          </reporter-output>
        </test-method> <!-- step7 -->
        <test-method status="PASS" signature="step8()[pri:5, instance:com.mockaroo.MockarooDataValidation@7cd62f43]" name="step8" duration-ms="31" started-at="2018-06-26T11:27:13Z" finished-at="2018-06-26T11:27:13Z">
          <reporter-output>
          </reporter-output>
        </test-method> <!-- step8 -->
        <test-method status="PASS" signature="step9()[pri:6, instance:com.mockaroo.MockarooDataValidation@7cd62f43]" name="step9" duration-ms="93" started-at="2018-06-26T11:27:13Z" finished-at="2018-06-26T11:27:13Z">
          <reporter-output>
          </reporter-output>
        </test-method> <!-- step9 -->
        <test-method status="PASS" signature="step10()[pri:7, instance:com.mockaroo.MockarooDataValidation@7cd62f43]" name="step10" duration-ms="104" started-at="2018-06-26T11:27:13Z" finished-at="2018-06-26T11:27:13Z">
          <reporter-output>
          </reporter-output>
        </test-method> <!-- step10 -->
        <test-method status="PASS" signature="step11()[pri:8, instance:com.mockaroo.MockarooDataValidation@7cd62f43]" name="step11" duration-ms="70" started-at="2018-06-26T11:27:13Z" finished-at="2018-06-26T11:27:13Z">
          <reporter-output>
          </reporter-output>
        </test-method> <!-- step11 -->
        <test-method status="PASS" signature="step12_13()[pri:9, instance:com.mockaroo.MockarooDataValidation@7cd62f43]" name="step12_13" duration-ms="460" started-at="2018-06-26T11:27:13Z" finished-at="2018-06-26T11:27:14Z">
          <reporter-output>
          </reporter-output>
        </test-method> <!-- step12_13 -->
        <test-method status="PASS" signature="step14_15_16()[pri:10, instance:com.mockaroo.MockarooDataValidation@7cd62f43]" name="step14_15_16" duration-ms="8866" started-at="2018-06-26T11:27:14Z" finished-at="2018-06-26T11:27:23Z">
          <reporter-output>
          </reporter-output>
        </test-method> <!-- step14_15_16 -->
        <test-method status="PASS" signature="step17_18()[pri:11, instance:com.mockaroo.MockarooDataValidation@7cd62f43]" name="step17_18" duration-ms="5014" started-at="2018-06-26T11:27:23Z" finished-at="2018-06-26T11:27:28Z">
          <reporter-output>
          </reporter-output>
        </test-method> <!-- step17_18 -->
        <test-method status="PASS" signature="step22()[pri:12, instance:com.mockaroo.MockarooDataValidation@7cd62f43]" name="step22" duration-ms="46" started-at="2018-06-26T11:27:28Z" finished-at="2018-06-26T11:27:28Z">
          <reporter-output>
          </reporter-output>
        </test-method> <!-- step22 -->
        <test-method status="PASS" signature="step26_27()[pri:13, instance:com.mockaroo.MockarooDataValidation@7cd62f43]" name="step26_27" duration-ms="5" started-at="2018-06-26T11:27:28Z" finished-at="2018-06-26T11:27:28Z">
          <reporter-output>
          </reporter-output>
        </test-method> <!-- step26_27 -->
        <test-method status="PASS" signature="tearDown()[pri:0, instance:com.mockaroo.MockarooDataValidation@7cd62f43]" name="tearDown" is-config="true" duration-ms="792" started-at="2018-06-26T11:27:28Z" finished-at="2018-06-26T11:27:28Z">
          <reporter-output>
          </reporter-output>
        </test-method> <!-- tearDown -->
      </class> <!-- com.mockaroo.MockarooDataValidation -->
    </test> <!-- Default test -->
  </suite> <!-- Default suite -->
</testng-results>
