<?xml version="1.0" encoding="UTF-8"?>
<testng-results skipped="0" failed="0" ignored="0" total="13" passed="13">
  <reporter-output>
  </reporter-output>
  <suite name="Default suite" duration-ms="24152" started-at="2018-06-26T11:39:47Z" finished-at="2018-06-26T11:40:12Z">
    <groups>
    </groups>
    <test name="Default test" duration-ms="24152" started-at="2018-06-26T11:39:47Z" finished-at="2018-06-26T11:40:12Z">
      <class name="com.mockaroo.MockarooDataValidation">
        <test-method status="PASS" signature="setup()[pri:0, instance:com.mockaroo.MockarooDataValidation@7cd62f43]" name="setup" is-config="true" duration-ms="7069" started-at="2018-06-26T11:39:47Z" finished-at="2018-06-26T11:39:54Z">
          <reporter-output>
          </reporter-output>
        </test-method> <!-- setup -->
        <test-method status="PASS" signature="step3()[pri:1, instance:com.mockaroo.MockarooDataValidation@7cd62f43]" name="step3" duration-ms="84" started-at="2018-06-26T11:39:54Z" finished-at="2018-06-26T11:39:55Z">
          <reporter-output>
          </reporter-output>
        </test-method> <!-- step3 -->
        <test-method status="PASS" signature="step4()[pri:2, instance:com.mockaroo.MockarooDataValidation@7cd62f43]" name="step4" duration-ms="296" started-at="2018-06-26T11:39:55Z" finished-at="2018-06-26T11:39:55Z">
          <reporter-output>
          </reporter-output>
        </test-method> <!-- step4 -->
        <test-method status="PASS" signature="step5_6()[pri:3, instance:com.mockaroo.MockarooDataValidation@7cd62f43]" name="step5_6" duration-ms="596" started-at="2018-06-26T11:39:55Z" finished-at="2018-06-26T11:39:55Z">
          <reporter-output>
          </reporter-output>
        </test-method> <!-- step5_6 -->
        <test-method status="PASS" signature="step7()[pri:4, instance:com.mockaroo.MockarooDataValidation@7cd62f43]" name="step7" duration-ms="61" started-at="2018-06-26T11:39:55Z" finished-at="2018-06-26T11:39:56Z">
          <reporter-output>
          </reporter-output>
        </test-method> <!-- step7 -->
        <test-method status="PASS" signature="step8()[pri:5, instance:com.mockaroo.MockarooDataValidation@7cd62f43]" name="step8" duration-ms="38" started-at="2018-06-26T11:39:56Z" finished-at="2018-06-26T11:39:56Z">
          <reporter-output>
          </reporter-output>
        </test-method> <!-- step8 -->
        <test-method status="PASS" signature="step9()[pri:6, instance:com.mockaroo.MockarooDataValidation@7cd62f43]" name="step9" duration-ms="110" started-at="2018-06-26T11:39:56Z" finished-at="2018-06-26T11:39:56Z">
          <reporter-output>
          </reporter-output>
        </test-method> <!-- step9 -->
        <test-method status="PASS" signature="step10()[pri:7, instance:com.mockaroo.MockarooDataValidation@7cd62f43]" name="step10" duration-ms="120" started-at="2018-06-26T11:39:56Z" finished-at="2018-06-26T11:39:56Z">
          <reporter-output>
          </reporter-output>
        </test-method> <!-- step10 -->
        <test-method status="PASS" signature="step11()[pri:8, instance:com.mockaroo.MockarooDataValidation@7cd62f43]" name="step11" duration-ms="81" started-at="2018-06-26T11:39:56Z" finished-at="2018-06-26T11:39:56Z">
          <reporter-output>
          </reporter-output>
        </test-method> <!-- step11 -->
        <test-method status="PASS" signature="step12_13()[pri:9, instance:com.mockaroo.MockarooDataValidation@7cd62f43]" name="step12_13" duration-ms="599" started-at="2018-06-26T11:39:56Z" finished-at="2018-06-26T11:39:56Z">
          <reporter-output>
          </reporter-output>
        </test-method> <!-- step12_13 -->
        <test-method status="PASS" signature="step14_15_16()[pri:10, instance:com.mockaroo.MockarooDataValidation@7cd62f43]" name="step14_15_16" duration-ms="9112" started-at="2018-06-26T11:39:56Z" finished-at="2018-06-26T11:40:06Z">
          <reporter-output>
          </reporter-output>
        </test-method> <!-- step14_15_16 -->
        <test-method status="PASS" signature="step17_18()[pri:11, instance:com.mockaroo.MockarooDataValidation@7cd62f43]" name="step17_18" duration-ms="5019" started-at="2018-06-26T11:40:06Z" finished-at="2018-06-26T11:40:11Z">
          <reporter-output>
          </reporter-output>
        </test-method> <!-- step17_18 -->
        <test-method status="PASS" signature="step22()[pri:12, instance:com.mockaroo.MockarooDataValidation@7cd62f43]" name="step22" duration-ms="44" started-at="2018-06-26T11:40:11Z" finished-at="2018-06-26T11:40:11Z">
          <reporter-output>
          </reporter-output>
        </test-method> <!-- step22 -->
        <test-method status="PASS" signature="step26_27()[pri:13, instance:com.mockaroo.MockarooDataValidation@7cd62f43]" name="step26_27" duration-ms="7" started-at="2018-06-26T11:40:11Z" finished-at="2018-06-26T11:40:11Z">
          <reporter-output>
          </reporter-output>
        </test-method> <!-- step26_27 -->
        <test-method status="PASS" signature="tearDown()[pri:0, instance:com.mockaroo.MockarooDataValidation@7cd62f43]" name="tearDown" is-config="true" duration-ms="857" started-at="2018-06-26T11:40:11Z" finished-at="2018-06-26T11:40:12Z">
          <reporter-output>
          </reporter-output>
        </test-method> <!-- tearDown -->
      </class> <!-- com.mockaroo.MockarooDataValidation -->
    </test> <!-- Default test -->
  </suite> <!-- Default suite -->
</testng-results>
